<?xml version="1.0" encoding="UTF-8"?>
<!-- Generated by org.testng.reporters.JUnitXMLReporter -->
<testsuite hostname="LAPTOP-TVQDLTCE" name="Command line test" tests="7" failures="0" timestamp="20 Jul 2021 15:17:57 GMT" time="10.727" errors="0">
  <testcase name="verifyProductPrice" time="4.971" classname="com.javacodegeeks.testng.maven.TestNgMavenExample"/>
  <testcase name="met1" time="0.0" classname="com.javacodegeeks.testng.maven.TestNgMavenExample1"/>
  <testcase name="met13" time="0.001" classname="com.javacodegeeks.testng.maven.TestNgMavenExample1"/>
  <testcase name="met14" time="0.001" classname="com.javacodegeeks.testng.maven.TestNgMavenExample1"/>
  <testcase name="met15" time="0.0" classname="com.javacodegeeks.testng.maven.TestNgMavenExample1"/>
  <testcase name="met4" time="0.0" classname="com.javacodegeeks.testng.maven.TestNgMavenExample1"/>
  <testcase name="verifyPageUrl" time="1.996" classname="com.javacodegeeks.testng.maven.TestNgMavenExample"/>
</testsuite> <!-- Command line test -->
