<?xml version="1.0" encoding="UTF-8" ?>
<testsuite tests="7" failures="0" name="TestSuite" time="6.97" errors="0" skipped="0">
  <properties>
[...]
</properties>
  <testcase classname="com.javacodegeeks.testng.maven.TestNgMavenExample" name="verifyProductPrice" time="4.974"/>
  <testcase classname="com.javacodegeeks.testng.maven.TestNgMavenExample1" name="met1" time="0"/>
  <testcase classname="com.javacodegeeks.testng.maven.TestNgMavenExample1" name="met13" time="0"/>
  <testcase classname="com.javacodegeeks.testng.maven.TestNgMavenExample1" name="met14" time="0"/>
  <testcase classname="com.javacodegeeks.testng.maven.TestNgMavenExample1" name="met15" time="0"/>
  <testcase classname="com.javacodegeeks.testng.maven.TestNgMavenExample1" name="met4" time="0"/>
  <testcase classname="com.javacodegeeks.testng.maven.TestNgMavenExample" name="verifyPageUrl" time="1.996"/>
</testsuite>